<?xml version="1.0" encoding="utf-8"?>
<!DOCTYPE coverage SYSTEM "http://cobertura.sourceforge.net/xml/coverage-04.dtd">
<coverage line-rate="0.015355086372360844" branch-rate="0" lines-covered="64" lines-valid="4168" branches-covered="0" branches-valid="785" complexity="578" version="0" timestamp="1651862539">
  <sources />
  <packages>
    <package name="E-Pharma App" line-rate="0.01108433734939759" branch-rate="0" complexity="574">
      <classes>
        <class name="DGVPrinterHelper.DGVCellDrawingEventArgs" filename="C:\Users\SS098714\source\repos\E-Pharma App\DGVPrinter.cs" line-rate="0" branch-rate="1" complexity="NaN">
          <methods>
            <method name=".ctor" signature="(System.Drawing.Graphics,System.Drawing.RectangleF,System.Windows.Forms.DataGridViewCellStyle,System.Int32,System.Int32)" line-rate="0" branch-rate="1" complexity="NaN">
              <lines>
                <line number="181" hits="0" branch="false" />
                <line number="182" hits="0" branch="false" />
                <line number="183" hits="0" branch="false" />
                <line number="184" hits="0" branch="false" />
                <line number="185" hits="0" branch="false" />
                <line number="186" hits="0" branch="false" />
                <line number="187" hits="0" branch="false" />
                <line number="188" hits="0" branch="false" />
                <line number="189" hits="0" branch="false" />
              </lines>
            </method>
          </methods>
          <lines>
            <line number="181" hits="0" branch="false" />
            <line number="182" hits="0" branch="false" />
            <line number="183" hits="0" branch="false" />
            <line number="184" hits="0" branch="false" />
            <line number="185" hits="0" branch="false" />
            <line number="186" hits="0" branch="false" />
            <line number="187" hits="0" branch="false" />
            <line number="188" hits="0" branch="false" />
            <line number="189" hits="0" branch="false" />
          </lines>
        </class>
        <class name="DGVPrinterHelper.DGVPrinter" filename="C:\Users\SS098714\source\repos\E-Pharma App\DGVPrinter.cs" line-rate="0" branch-rate="0" complexity="92">
          <methods>
            <method name="EnableLogging" signature="()" line-rate="0" branch-rate="1" complexity="NaN">
              <lines>
                <line number="426" hits="0" branch="false" />
              </lines>
            </method>
            <method name="EnableLogging" signature="(System.Boolean)" line-rate="0" branch-rate="0" complexity="NaN">
              <lines>
                <line number="428" hits="0" branch="false" />
                <line number="429" hits="0" branch="false" />
                <line number="430" hits="0" branch="true" condition-coverage="0% (0/2)" />
                <line number="431" hits="0" branch="false" />
                <line number="432" hits="0" branch="false" />
                <line number="433" hits="0" branch="false" />
                <line number="434" hits="0" branch="false" />
              </lines>
            </method>
            <method name="LogDirectory" signature="()" line-rate="0" branch-rate="0" complexity="NaN">
              <lines>
                <line number="443" hits="0" branch="false" />
                <line number="444" hits="0" branch="true" condition-coverage="0% (0/2)" />
                <line number="445" hits="0" branch="false" />
                <line number="447" hits="0" branch="false" />
                <line number="448" hits="0" branch="false" />
              </lines>
            </method>
            <method name="LogDirectory" signature="(System.String)" line-rate="0" branch-rate="0" complexity="NaN">
              <lines>
                <line number="450" hits="0" branch="false" />
                <line number="451" hits="0" branch="true" condition-coverage="0% (0/2)" />
                <line number="452" hits="0" branch="false" />
                <line number="453" hits="0" branch="false" />
                <line number="454" hits="0" branch="false" />
              </lines>
            </method>
            <method name="Owner" signature="()" line-rate="0" branch-rate="1" complexity="NaN">
              <lines>
                <line number="472" hits="0" branch="false" />
              </lines>
            </method>
            <method name="Owner" signature="(System.Windows.Forms.Form)" line-rate="0" branch-rate="1" complexity="NaN">
              <lines>
                <line number="473" hits="0" branch="false" />
              </lines>
            </method>
            <method name="PrintPreviewZoom" signature="()" line-rate="0" branch-rate="1" complexity="NaN">
              <lines>
                <line number="485" hits="0" branch="false" />
              </lines>
            </method>
            <method name="PrintPreviewZoom" signature="(System.Double)" line-rate="0" branch-rate="1" complexity="NaN">
              <lines>
                <line number="486" hits="0" branch="false" />
              </lines>
            </method>
            <method name="PrintSettings" signature="()" line-rate="0" branch-rate="1" complexity="NaN">
              <lines>
                <line number="495" hits="0" branch="false" />
              </lines>
            </method>
            <method name="PrintDialogSettings" signature="()" line-rate="0" branch-rate="1" complexity="NaN">
              <lines>
                <line number="504" hits="0" branch="false" />
              </lines>
            </method>
            <method name="PrinterName" signature="()" line-rate="0" branch-rate="1" complexity="NaN">
              <lines>
                <line number="513" hits="0" branch="false" />
              </lines>
            </method>
            <method name="PrinterName" signature="(System.String)" line-rate="0" branch-rate="1" complexity="NaN">
              <lines>
                <line number="514" hits="0" branch="false" />
              </lines>
            </method>
            <method name="printDocument" signature="()" line-rate="0" branch-rate="1" complexity="NaN">
              <lines>
                <line number="522" hits="0" branch="false" />
              </lines>
            </method>
            <method name="printDocument" signature="(System.Drawing.Printing.PrintDocument)" line-rate="0" branch-rate="1" complexity="NaN">
              <lines>
                <line number="523" hits="0" branch="false" />
              </lines>
            </method>
            <method name="PreviewDialogIcon" signature="()" line-rate="0" branch-rate="1" complexity="NaN">
              <lines>
                <line number="533" hits="0" branch="false" />
              </lines>
            </method>
            <method name="PreviewDialogIcon" signature="(System.Drawing.Icon)" line-rate="0" branch-rate="1" complexity="NaN">
              <lines>
                <line number="534" hits="0" branch="false" />
              </lines>
            </method>
            <method name="PreviewDialog" signature="()" line-rate="0" branch-rate="1" complexity="NaN">
              <lines>
                <line number="543" hits="0" branch="false" />
              </lines>
            </method>
            <method name="PreviewDialog" signature="(System.Windows.Forms.PrintPreviewDialog)" line-rate="0" branch-rate="1" complexity="NaN">
              <lines>
                <line number="544" hits="0" branch="false" />
              </lines>
            </method>
            <method name="PrintHeader" signature="()" line-rate="0" branch-rate="1" complexity="NaN">
              <lines>
                <line number="553" hits="0" branch="false" />
              </lines>
            </method>
            <method name="PrintHeader" signature="(System.Boolean)" line-rate="0" branch-rate="1" complexity="NaN">
              <lines>
                <line number="554" hits="0" branch="false" />
              </lines>
            </method>
            <method name="HeaderHeight" signature="()" line-rate="0" branch-rate="0" complexity="NaN">
              <lines>
                <line number="563" hits="0" branch="false" />
                <line number="564" hits="0" branch="false" />
                <line number="570" hits="0" branch="false" />
                <line number="573" hits="0" branch="true" condition-coverage="0% (0/2)" />
                <line number="574" hits="0" branch="false" />
                <line number="575" hits="0" branch="false" />
                <line number="576" hits="0" branch="false" />
                <line number="579" hits="0" branch="false" />
                <line number="580" hits="0" branch="false" />
              </lines>
            </method>
            <method name="PrintFooter" signature="()" line-rate="0" branch-rate="1" complexity="NaN">
              <lines>
                <line number="589" hits="0" branch="false" />
              </lines>
            </method>
            <method name="PrintFooter" signature="(System.Boolean)" line-rate="0" branch-rate="1" complexity="NaN">
              <lines>
                <line number="590" hits="0" branch="false" />
              </lines>
            </method>
            <method name="PrintColumnHeaders" signature="()" line-rate="0" branch-rate="1" complexity="NaN">
              <lines>
                <line number="599" hits="0" branch="false" />
              </lines>
            </method>
            <method name="PrintColumnHeaders" signature="(System.Nullable`1&lt;System.Boolean&gt;)" line-rate="0" branch-rate="1" complexity="NaN">
              <lines>
                <line number="600" hits="0" branch="false" />
              </lines>
            </method>
            <method name="PrintRowHeaders" signature="()" line-rate="0" branch-rate="1" complexity="NaN">
              <lines>
                <line number="610" hits="0" branch="false" />
              </lines>
            </method>
            <method name="PrintRowHeaders" signature="(System.Nullable`1&lt;System.Boolean&gt;)" line-rate="0" branch-rate="1" complexity="NaN">
              <lines>
                <line number="611" hits="0" branch="false" />
              </lines>
            </method>
            <method name="KeepRowsTogether" signature="()" line-rate="0" branch-rate="1" complexity="NaN">
              <lines>
                <line number="622" hits="0" branch="false" />
              </lines>
            </method>
            <method name="KeepRowsTogether" signature="(System.Boolean)" line-rate="0" branch-rate="1" complexity="NaN">
              <lines>
                <line number="623" hits="0" branch="false" />
              </lines>
            </method>
            <method name="KeepRowsTogetherTolerance" signature="()" line-rate="0" branch-rate="1" complexity="NaN">
              <lines>
                <line number="633" hits="0" branch="false" />
              </lines>
            </method>
            <method name="KeepRowsTogetherTolerance" signature="(System.Single)" line-rate="0" branch-rate="1" complexity="NaN">
              <lines>
                <line number="634" hits="0" branch="false" />
              </lines>
            </method>
            <method name="Title" signature="()" line-rate="0" branch-rate="1" complexity="NaN">
              <lines>
                <line number="654" hits="0" branch="false" />
              </lines>
            </method>
            <method name="Title" signature="(System.String)" line-rate="0" branch-rate="0" complexity="NaN">
              <lines>
                <line number="656" hits="0" branch="false" />
                <line number="657" hits="0" branch="false" />
                <line number="658" hits="0" branch="true" condition-coverage="0% (0/2)" />
                <line number="659" hits="0" branch="false" />
                <line number="660" hits="0" branch="false" />
                <line number="661" hits="0" branch="false" />
                <line number="662" hits="0" branch="false" />
              </lines>
            </method>
            <method name="DocName" signature="()" line-rate="0" branch-rate="1" complexity="NaN">
              <lines>
                <line number="671" hits="0" branch="false" />
              </lines>
            </method>
            <method name="DocName" signature="(System.String)" line-rate="0" branch-rate="1" complexity="NaN">
              <lines>
                <line number="672" hits="0" branch="false" />
              </lines>
            </method>
            <method name="TitleFont" signature="()" line-rate="0" branch-rate="1" complexity="NaN">
              <lines>
                <line number="681" hits="0" branch="false" />
              </lines>
            </method>
            <method name="TitleFont" signature="(System.Drawing.Font)" line-rate="0" branch-rate="1" complexity="NaN">
              <lines>
                <line number="682" hits="0" branch="false" />
              </lines>
            </method>
            <method name="TitleColor" signature="()" line-rate="0" branch-rate="1" complexity="NaN">
              <lines>
                <line number="691" hits="0" branch="false" />
              </lines>
            </method>
            <method name="TitleColor" signature="(System.Drawing.Color)" line-rate="0" branch-rate="1" complexity="NaN">
              <lines>
                <line number="692" hits="0" branch="false" />
              </lines>
            </method>
            <method name="TitleFormat" signature="()" line-rate="0" branch-rate="1" complexity="NaN">
              <lines>
                <line number="701" hits="0" branch="false" />
              </lines>
            </method>
            <method name="TitleFormat" signature="(System.Drawing.StringFormat)" line-rate="0" branch-rate="1" complexity="NaN">
              <lines>
                <line number="702" hits="0" branch="false" />
              </lines>
            </method>
            <method name="TitleAlignment" signature="()" line-rate="0" branch-rate="1" complexity="NaN">
              <lines>
                <line number="711" hits="0" branch="false" />
              </lines>
            </method>
            <method name="TitleAlignment" signature="(System.Drawing.StringAlignment)" line-rate="0" branch-rate="1" complexity="NaN">
              <lines>
                <line number="713" hits="0" branch="false" />
                <line number="714" hits="0" branch="false" />
                <line number="715" hits="0" branch="false" />
                <line number="716" hits="0" branch="false" />
              </lines>
            </method>
            <method name="TitleFormatFlags" signature="()" line-rate="0" branch-rate="1" complexity="NaN">
              <lines>
                <line number="725" hits="0" branch="false" />
              </lines>
            </method>
            <method name="TitleFormatFlags" signature="(System.Drawing.StringFormatFlags)" line-rate="0" branch-rate="1" complexity="NaN">
              <lines>
                <line number="727" hits="0" branch="false" />
                <line number="728" hits="0" branch="false" />
                <line number="729" hits="0" branch="false" />
                <line number="730" hits="0" branch="false" />
              </lines>
            </method>
            <method name="TitlePrint" signature="()" line-rate="0" branch-rate="1" complexity="NaN">
              <lines>
                <line number="739" hits="0" branch="false" />
              </lines>
            </method>
            <method name="TitlePrint" signature="(DGVPrinterHelper.DGVPrinter/PrintLocation)" line-rate="0" branch-rate="1" complexity="NaN">
              <lines>
                <line number="740" hits="0" branch="false" />
              </lines>
            </method>
            <method name="TitleHeight" signature="()" line-rate="0" branch-rate="0" complexity="NaN">
              <lines>
                <line number="749" hits="0" branch="false" />
                <line number="750" hits="0" branch="true" condition-coverage="0% (0/2)" />
                <line number="751" hits="0" branch="false" />
                <line number="753" hits="0" branch="true" condition-coverage="0% (0/4)" />
                <line number="754" hits="0" branch="false" />
                <line number="756" hits="0" branch="true" condition-coverage="0% (0/4)" />
                <line number="757" hits="0" branch="false" />
                <line number="759" hits="0" branch="false" />
                <line number="760" hits="0" branch="false" />
              </lines>
            </method>
            <method name="TitleSpacing" signature="()" line-rate="0" branch-rate="1" complexity="NaN">
              <lines>
                <line number="769" hits="0" branch="false" />
              </lines>
            </method>
            <method name="TitleSpacing" signature="(System.Single)" line-rate="0" branch-rate="1" complexity="NaN">
              <lines>
                <line number="770" hits="0" branch="false" />
              </lines>
            </method>
            <method name="TitleBackground" signature="()" line-rate="0" branch-rate="1" complexity="NaN">
              <lines>
                <line number="779" hits="0" branch="false" />
              </lines>
            </method>
            <method name="TitleBackground" signature="(System.Drawing.Brush)" line-rate="0" branch-rate="1" complexity="NaN">
              <lines>
                <line number="780" hits="0" branch="false" />
              </lines>
            </method>
            <method name="TitleBorder" signature="()" line-rate="0" branch-rate="1" complexity="NaN">
              <lines>
                <line number="789" hits="0" branch="false" />
              </lines>
            </method>
            <method name="TitleBorder" signature="(System.Drawing.Pen)" line-rate="0" branch-rate="1" complexity="NaN">
              <lines>
                <line number="790" hits="0" branch="false" />
              </lines>
            </method>
            <method name="SubTitle" signature="()" line-rate="0" branch-rate="1" complexity="NaN">
              <lines>
                <line number="810" hits="0" branch="false" />
              </lines>
            </method>
            <method name="SubTitle" signature="(System.String)" line-rate="0" branch-rate="1" complexity="NaN">
              <lines>
                <line number="811" hits="0" branch="false" />
              </lines>
            </method>
            <method name="SubTitleFont" signature="()" line-rate="0" branch-rate="1" complexity="NaN">
              <lines>
                <line number="820" hits="0" branch="false" />
              </lines>
            </method>
            <method name="SubTitleFont" signature="(System.Drawing.Font)" line-rate="0" branch-rate="1" complexity="NaN">
              <lines>
                <line number="821" hits="0" branch="false" />
              </lines>
            </method>
            <method name="SubTitleColor" signature="()" line-rate="0" branch-rate="1" complexity="NaN">
              <lines>
                <line number="830" hits="0" branch="false" />
              </lines>
            </method>
            <method name="SubTitleColor" signature="(System.Drawing.Color)" line-rate="0" branch-rate="1" complexity="NaN">
              <lines>
                <line number="831" hits="0" branch="false" />
              </lines>
            </method>
            <method name="SubTitleFormat" signature="()" line-rate="0" branch-rate="1" complexity="NaN">
              <lines>
                <line number="840" hits="0" branch="false" />
              </lines>
            </method>
            <method name="SubTitleFormat" signature="(System.Drawing.StringFormat)" line-rate="0" branch-rate="1" complexity="NaN">
              <lines>
                <line number="841" hits="0" branch="false" />
              </lines>
            </method>
            <method name="SubTitleAlignment" signature="()" line-rate="0" branch-rate="1" complexity="NaN">
              <lines>
                <line number="850" hits="0" branch="false" />
              </lines>
            </method>
            <method name="SubTitleAlignment" signature="(System.Drawing.StringAlignment)" line-rate="0" branch-rate="1" complexity="NaN">
              <lines>
                <line number="852" hits="0" branch="false" />
                <line number="853" hits="0" branch="false" />
                <line number="854" hits="0" branch="false" />
                <line number="855" hits="0" branch="false" />
              </lines>
            </method>
            <method name="SubTitleFormatFlags" signature="()" line-rate="0" branch-rate="1" complexity="NaN">
              <lines>
                <line number="864" hits="0" branch="false" />
              </lines>
            </method>
            <method name="SubTitleFormatFlags" signature="(System.Drawing.StringFormatFlags)" line-rate="0" branch-rate="1" complexity="NaN">
              <lines>
                <line number="866" hits="0" branch="false" />
                <line number="867" hits="0" branch="false" />
                <line number="868" hits="0" branch="false" />
                <line number="869" hits="0" branch="false" />
              </lines>
            </method>
            <method name="SubTitlePrint" signature="()" line-rate="0" branch-rate="1" complexity="NaN">
              <lines>
                <line number="878" hits="0" branch="false" />
              </lines>
            </method>
            <method name="SubTitlePrint" signature="(DGVPrinterHelper.DGVPrinter/PrintLocation)" line-rate="0" branch-rate="1" complexity="NaN">
              <lines>
                <line number="879" hits="0" branch="false" />
              </lines>
            </method>
            <method name="SubTitleHeight" signature="()" line-rate="0" branch-rate="0" complexity="NaN">
              <lines>
                <line number="888" hits="0" branch="false" />
                <line number="889" hits="0" branch="true" condition-coverage="0% (0/2)" />
                <line number="890" hits="0" branch="false" />
                <line number="892" hits="0" branch="true" condition-coverage="0% (0/4)" />
                <line number="893" hits="0" branch="false" />
                <line number="895" hits="0" branch="true" condition-coverage="0% (0/4)" />
                <line number="896" hits="0" branch="false" />
                <line number="898" hits="0" branch="false" />
                <line number="899" hits="0" branch="false" />
              </lines>
            </method>
            <method name="SubTitleSpacing" signature="()" line-rate="0" branch-rate="1" complexity="NaN">
              <lines>
                <line number="908" hits="0" branch="false" />
              </lines>
            </method>
            <method name="SubTitleSpacing" signature="(System.Single)" line-rate="0" branch-rate="1" complexity="NaN">
              <lines>
                <line number="909" hits="0" branch="false" />
              </lines>
            </method>
            <method name="SubTitleBackground" signature="()" line-rate="0" branch-rate="1" complexity="NaN">
              <lines>
                <line number="918" hits="0" branch="false" />
              </lines>
            </method>
            <method name="SubTitleBackground" signature="(System.Drawing.Brush)" line-rate="0" branch-rate="1" complexity="NaN">
              <lines>
                <line number="919" hits="0" branch="false" />
              </lines>
            </method>
            <method name="SubTitleBorder" signature="()" line-rate="0" branch-rate="1" complexity="NaN">
              <lines>
                <line number="928" hits="0" branch="false" />
              </lines>
            </method>
            <method name="SubTitleBorder" signature="(System.Drawing.Pen)" line-rate="0" branch-rate="1" complexity="NaN">
              <lines>
                <line number="929" hits="0" branch="false" />
              </lines>
            </method>
            <method name="Footer" signature="()" line-rate="0" branch-rate="1" complexity="NaN">
              <lines>
                <line number="946" hits="0" branch="false" />
              </lines>
            </method>
            <method name="Footer" signature="(System.String)" line-rate="0" branch-rate="1" complexity="NaN">
              <lines>
                <line number="947" hits="0" branch="false" />
              </lines>
            </method>
            <method name="FooterFont" signature="()" line-rate="0" branch-rate="1" complexity="NaN">
              <lines>
                <line number="956" hits="0" branch="false" />
              </lines>
            </method>
            <method name="FooterFont" signature="(System.Drawing.Font)" line-rate="0" branch-rate="1" complexity="NaN">
              <lines>
                <line number="957" hits="0" branch="false" />
              </lines>
            </method>
            <method name="FooterColor" signature="()" line-rate="0" branch-rate="1" complexity="NaN">
              <lines>
                <line number="966" hits="0" branch="false" />
              </lines>
            </method>
            <method name="FooterColor" signature="(System.Drawing.Color)" line-rate="0" branch-rate="1" complexity="NaN">
              <lines>
                <line number="967" hits="0" branch="false" />
              </lines>
            </method>
            <method name="FooterFormat" signature="()" line-rate="0" branch-rate="1" complexity="NaN">
              <lines>
                <line number="976" hits="0" branch="false" />
              </lines>
            </method>
            <method name="FooterFormat" signature="(System.Drawing.StringFormat)" line-rate="0" branch-rate="1" complexity="NaN">
              <lines>
                <line number="977" hits="0" branch="false" />
              </lines>
            </method>
            <method name="FooterAlignment" signature="()" line-rate="0" branch-rate="1" complexity="NaN">
              <lines>
                <line number="986" hits="0" branch="false" />
              </lines>
            </method>
            <method name="FooterAlignment" signature="(System.Drawing.StringAlignment)" line-rate="0" branch-rate="1" complexity="NaN">
              <lines>
                <line number="988" hits="0" branch="false" />
                <line number="989" hits="0" branch="false" />
                <line number="990" hits="0" branch="false" />
                <line number="991" hits="0" branch="false" />
              </lines>
            </method>
            <method name="FooterFormatFlags" signature="()" line-rate="0" branch-rate="1" complexity="NaN">
              <lines>
                <line number="1000" hits="0" branch="false" />
              </lines>
            </method>
            <method name="FooterFormatFlags" signature="(System.Drawing.StringFormatFlags)" line-rate="0" branch-rate="1" complexity="NaN">
              <lines>
                <line number="1002" hits="0" branch="false" />
                <line number="1003" hits="0" branch="false" />
                <line number="1004" hits="0" branch="false" />
                <line number="1005" hits="0" branch="false" />
              </lines>
            </method>
            <method name="FooterSpacing" signature="()" line-rate="0" branch-rate="1" complexity="NaN">
              <lines>
                <line number="1014" hits="0" branch="false" />
              </lines>
            </method>
            <method name="FooterSpacing" signature="(System.Single)" line-rate="0" branch-rate="1" complexity="NaN">
              <lines>
                <line number="1015" hits="0" branch="false" />
              </lines>
            </method>
            <method name="FooterPrint" signature="()" line-rate="0" branch-rate="1" complexity="NaN">
              <lines>
                <line number="1024" hits="0" branch="false" />
              </lines>
            </method>
            <method name="FooterPrint" signature="(DGVPrinterHelper.DGVPrinter/PrintLocation)" line-rate="0" branch-rate="1" complexity="NaN">
              <lines>
                <line number="1025" hits="0" branch="false" />
              </lines>
            </method>
            <method name="FooterHeight" signature="()" line-rate="0" branch-rate="0" complexity="NaN">
              <lines>
                <line number="1034" hits="0" branch="false" />
                <line number="1035" hits="0" branch="false" />
                <line number="1038" hits="0" branch="true" condition-coverage="0% (0/10)" />
                <line number="1039" hits="0" branch="false" />
                <line number="1040" hits="0" branch="false" />
                <line number="1041" hits="0" branch="false" />
                <line number="1043" hits="0" branch="false" />
                <line number="1044" hits="0" branch="false" />
                <line number="1046" hits="0" branch="false" />
                <line number="1047" hits="0" branch="false" />
              </lines>
            </method>
            <method name="FooterBackground" signature="()" line-rate="0" branch-rate="1" complexity="NaN">
              <lines>
                <line number="1056" hits="0" branch="false" />
              </lines>
            </method>
            <method name="FooterBackground" signature="(System.Drawing.Brush)" line-rate="0" branch-rate="1" complexity="NaN">
              <lines>
                <line number="1057" hits="0" branch="false" />
              </lines>
            </method>
            <method name="FooterBorder" signature="()" line-rate="0" branch-rate="1" complexity="NaN">
              <lines>
                <line number="1066" hits="0" branch="false" />
              </lines>
            </method>
            <method name="FooterBorder" signature="(System.Drawing.Pen)" line-rate="0" branch-rate="1" complexity="NaN">
              <lines>
                <line number="1067" hits="0" branch="false" />
              </lines>
            </method>
            <method name="PageNumbers" signature="()" line-rate="0" branch-rate="1" complexity="NaN">
              <lines>
                <line number="1084" hits="0" branch="false" />
              </lines>
            </method>
            <method name="PageNumbers" signature="(System.Boolean)" line-rate="0" branch-rate="1" complexity="NaN">
              <lines>
                <line number="1085" hits="0" branch="false" />
              </lines>
            </method>
            <method name="PageNumberFont" signature="()" line-rate="0" branch-rate="1" complexity="NaN">
              <lines>
                <line number="1094" hits="0" branch="false" />
              </lines>
            </method>
            <method name="PageNumberFont" signature="(System.Drawing.Font)" line-rate="0" branch-rate="1" complexity="NaN">
              <lines>
                <line number="1095" hits="0" branch="false" />
              </lines>
            </method>
            <method name="PageNumberColor" signature="()" line-rate="0" branch-rate="1" complexity="NaN">
              <lines>
                <line number="1104" hits="0" branch="false" />
              </lines>
            </method>
            <method name="PageNumberColor" signature="(System.Drawing.Color)" line-rate="0" branch-rate="1" complexity="NaN">
              <lines>
                <line number="1105" hits="0" branch="false" />
              </lines>
            </method>
            <method name="PageNumberFormat" signature="()" line-rate="0" branch-rate="1" complexity="NaN">
              <lines>
                <line number="1114" hits="0" branch="false" />
              </lines>
            </method>
            <method name="PageNumberFormat" signature="(System.Drawing.StringFormat)" line-rate="0" branch-rate="1" complexity="NaN">
              <lines>
                <line number="1115" hits="0" branch="false" />
              </lines>
            </method>
            <method name="PageNumberAlignment" signature="()" line-rate="0" branch-rate="1" complexity="NaN">
              <lines>
                <line number="1124" hits="0" branch="false" />
              </lines>
            </method>
            <method name="PageNumberAlignment" signature="(System.Drawing.StringAlignment)" line-rate="0" branch-rate="1" complexity="NaN">
              <lines>
                <line number="1126" hits="0" branch="false" />
                <line number="1127" hits="0" branch="false" />
                <line number="1128" hits="0" branch="false" />
                <line number="1129" hits="0" branch="false" />
              </lines>
            </method>
            <method name="PageNumberFormatFlags" signature="()" line-rate="0" branch-rate="1" complexity="NaN">
              <lines>
                <line number="1138" hits="0" branch="false" />
              </lines>
            </method>
            <method name="PageNumberFormatFlags" signature="(System.Drawing.StringFormatFlags)" line-rate="0" branch-rate="1" complexity="NaN">
              <lines>
                <line number="1140" hits="0" branch="false" />
                <line number="1141" hits="0" branch="false" />
                <line number="1142" hits="0" branch="false" />
                <line number="1143" hits="0" branch="false" />
              </lines>
            </method>
            <method name="PageNumberInHeader" signature="()" line-rate="0" branch-rate="1" complexity="NaN">
              <lines>
                <line number="1153" hits="0" branch="false" />
              </lines>
            </method>
            <method name="PageNumberInHeader" signature="(System.Boolean)" line-rate="0" branch-rate="1" complexity="NaN">
              <lines>
                <line number="1154" hits="0" branch="false" />
              </lines>
            </method>
            <method name="PageNumberOnSeparateLine" signature="()" line-rate="0" branch-rate="1" complexity="NaN">
              <lines>
                <line number="1164" hits="0" branch="false" />
              </lines>
            </method>
            <method name="PageNumberOnSeparateLine" signature="(System.Boolean)" line-rate="0" branch-rate="1" complexity="NaN">
              <lines>
                <line number="1165" hits="0" branch="false" />
              </lines>
            </method>
            <method name="ShowTotalPageNumber" signature="()" line-rate="0" branch-rate="1" complexity="NaN">
              <lines>
                <line number="1174" hits="0" branch="false" />
              </lines>
            </method>
            <method name="ShowTotalPageNumber" signature="(System.Boolean)" line-rate="0" branch-rate="1" complexity="NaN">
              <lines>
                <line number="1175" hits="0" branch="false" />
              </lines>
            </method>
            <method name="PageSeparator" signature="()" line-rate="0" branch-rate="1" complexity="NaN">
              <lines>
                <line number="1184" hits="0" branch="false" />
              </lines>
            </method>
            <method name="PageSeparator" signature="(System.String)" line-rate="0" branch-rate="1" complexity="NaN">
              <lines>
                <line number="1185" hits="0" branch="false" />
              </lines>
            </method>
            <method name="PageText" signature="()" line-rate="0" branch-rate="1" complexity="NaN">
              <lines>
                <line number="1191" hits="0" branch="false" />
              </lines>
            </method>
            <method name="PageText" signature="(System.String)" line-rate="0" branch-rate="1" complexity="NaN">
              <lines>
                <line number="1192" hits="0" branch="false" />
              </lines>
            </method>
            <method name="PartText" signature="()" line-rate="0" branch-rate="1" complexity="NaN">
              <lines>
                <line number="1198" hits="0" branch="false" />
              </lines>
            </method>
            <method name="PartText" signature="(System.String)" line-rate="0" branch-rate="1" complexity="NaN">
              <lines>
                <line number="1199" hits="0" branch="false" />
              </lines>
            </method>
            <method name="PageNumberPrint" signature="()" line-rate="0" branch-rate="1" complexity="NaN">
              <lines>
                <line number="1208" hits="0" branch="false" />
              </lines>
            </method>
            <method name="PageNumberPrint" signature="(DGVPrinterHelper.DGVPrinter/PrintLocation)" line-rate="0" branch-rate="1" complexity="NaN">
              <lines>
                <line number="1209" hits="0" branch="false" />
              </lines>
            </method>
            <method name="PageNumberHeight" signature="()" line-rate="0" branch-rate="0" complexity="NaN">
              <lines>
                <line number="1218" hits="0" branch="false" />
                <line number="1220" hits="0" branch="true" condition-coverage="0% (0/10)" />
                <line number="1221" hits="0" branch="false" />
                <line number="1222" hits="0" branch="false" />
                <line number="1223" hits="0" branch="false" />
                <line number="1227" hits="0" branch="true" condition-coverage="0% (0/2)" />
                <line number="1228" hits="0" branch="false" />
                <line number="1229" hits="0" branch="true" condition-coverage="0% (0/6)" />
                <line number="1230" hits="0" branch="false" />
                <line number="1231" hits="0" branch="false" />
                <line number="1233" hits="0" branch="true" condition-coverage="0% (0/4)" />
                <line number="1234" hits="0" branch="false" />
                <line number="1235" hits="0" branch="false" />
                <line number="1237" hits="0" branch="false" />
                <line number="1239" hits="0" branch="false" />
                <line number="1240" hits="0" branch="false" />
              </lines>
            </method>
            <method name="RowHeaderCellStyle" signature="()" line-rate="0" branch-rate="1" complexity="NaN">
              <lines>
                <line number="1251" hits="0" branch="false" />
              </lines>
            </method>
            <method name="RowHeaderCellStyle" signature="(System.Windows.Forms.DataGridViewCellStyle)" line-rate="0" branch-rate="1" complexity="NaN">
              <lines>
                <line number="1252" hits="0" branch="false" />
              </lines>
            </method>
            <method name="RowHeaderCellDefaultText" signature="()" line-rate="0" branch-rate="1" complexity="NaN">
              <lines>
                <line number="1284" hits="0" branch="false" />
              </lines>
            </method>
            <method name="RowHeaderCellDefaultText" signature="(System.String)" line-rate="0" branch-rate="1" complexity="NaN">
              <lines>
                <line number="1285" hits="0" branch="false" />
              </lines>
            </method>
            <method name="ColumnHeaderStyles" signature="()" line-rate="0" branch-rate="1" complexity="NaN">
              <lines>
                <line number="1295" hits="0" branch="false" />
              </lines>
            </method>
            <method name="HeaderCellAlignment" signature="()" line-rate="0" branch-rate="1" complexity="NaN">
              <lines>
                <line number="1328" hits="0" branch="false" />
              </lines>
            </method>
            <method name="HeaderCellAlignment" signature="(System.Drawing.StringAlignment)" line-rate="0" branch-rate="1" complexity="NaN">
              <lines>
                <line number="1329" hits="0" branch="false" />
              </lines>
            </method>
            <method name="HeaderCellFormatFlags" signature="()" line-rate="0" branch-rate="1" complexity="NaN">
              <lines>
                <line number="1340" hits="0" branch="false" />
              </lines>
            </method>
            <method name="HeaderCellFormatFlags" signature="(System.Drawing.StringFormatFlags)" line-rate="0" branch-rate="1" complexity="NaN">
              <lines>
                <line number="1341" hits="0" branch="false" />
              </lines>
            </method>
            <method name="CellAlignment" signature="()" line-rate="0" branch-rate="1" complexity="NaN">
              <lines>
                <line number="1378" hits="0" branch="false" />
              </lines>
            </method>
            <method name="CellAlignment" signature="(System.Drawing.StringAlignment)" line-rate="0" branch-rate="1" complexity="NaN">
              <lines>
                <line number="1379" hits="0" branch="false" />
              </lines>
            </method>
            <method name="CellFormatFlags" signature="()" line-rate="0" branch-rate="1" complexity="NaN">
              <lines>
                <line number="1390" hits="0" branch="false" />
              </lines>
            </method>
            <method name="CellFormatFlags" signature="(System.Drawing.StringFormatFlags)" line-rate="0" branch-rate="1" complexity="NaN">
              <lines>
                <line number="1391" hits="0" branch="false" />
              </lines>
            </method>
            <method name="ColumnWidths" signature="()" line-rate="0" branch-rate="1" complexity="NaN">
              <lines>
                <line number="1401" hits="0" branch="false" />
              </lines>
            </method>
            <method name="ColumnStyles" signature="()" line-rate="0" branch-rate="1" complexity="NaN">
              <lines>
                <line number="1411" hits="0" branch="false" />
              </lines>
            </method>
            <method name="AlternatingRowColumnStyles" signature="()" line-rate="0" branch-rate="1" complexity="NaN">
              <lines>
                <line number="1421" hits="0" branch="false" />
              </lines>
            </method>
            <method name="FixedColumns" signature="()" line-rate="0" branch-rate="1" complexity="NaN">
              <lines>
                <line number="1432" hits="0" branch="false" />
              </lines>
            </method>
            <method name="HideColumns" signature="()" line-rate="0" branch-rate="1" complexity="NaN">
              <lines>
                <line number="1441" hits="0" branch="false" />
              </lines>
            </method>
            <method name="BreakOnValueChange" signature="()" line-rate="0" branch-rate="1" complexity="NaN">
              <lines>
                <line number="1451" hits="0" branch="false" />
              </lines>
            </method>
            <method name="BreakOnValueChange" signature="(System.String)" line-rate="0" branch-rate="1" complexity="NaN">
              <lines>
                <line number="1452" hits="0" branch="false" />
              </lines>
            </method>
            <method name="PrintMargins" signature="()" line-rate="0" branch-rate="1" complexity="NaN">
              <lines>
                <line number="1465" hits="0" branch="false" />
              </lines>
            </method>
            <method name="PrintMargins" signature="(System.Drawing.Printing.Margins)" line-rate="0" branch-rate="1" complexity="NaN">
              <lines>
                <line number="1466" hits="0" branch="false" />
              </lines>
            </method>
            <method name="PageSettings" signature="()" line-rate="0" branch-rate="1" complexity="NaN">
              <lines>
                <line number="1474" hits="0" branch="false" />
              </lines>
            </method>
            <method name="PorportionalColumns" signature="()" line-rate="0" branch-rate="1" complexity="NaN">
              <lines>
                <line number="1484" hits="0" branch="false" />
              </lines>
            </method>
            <method name="PorportionalColumns" signature="(System.Boolean)" line-rate="0" branch-rate="0" complexity="NaN">
              <lines>
                <line number="1486" hits="0" branch="false" />
                <line number="1487" hits="0" branch="false" />
                <line number="1488" hits="0" branch="true" condition-coverage="0% (0/2)" />
                <line number="1489" hits="0" branch="false" />
                <line number="1491" hits="0" branch="false" />
                <line number="1492" hits="0" branch="false" />
              </lines>
            </method>
            <method name="TableAlignment" signature="()" line-rate="0" branch-rate="1" complexity="NaN">
              <lines>
                <line number="1501" hits="0" branch="false" />
              </lines>
            </method>
            <method name="TableAlignment" signature="(DGVPrinterHelper.DGVPrinter/Alignment)" line-rate="0" branch-rate="1" complexity="NaN">
              <lines>
                <line number="1502" hits="0" branch="false" />
              </lines>
            </method>
            <method name="RowHeight" signature="()" line-rate="0" branch-rate="1" complexity="NaN">
              <lines>
                <line number="1513" hits="0" branch="false" />
              </lines>
            </method>
            <method name="RowHeight" signature="(DGVPrinterHelper.DGVPrinter/RowHeightSetting)" line-rate="0" branch-rate="1" complexity="NaN">
              <lines>
                <line number="1514" hits="0" branch="false" />
              </lines>
            </method>
            <method name="ColumnWidth" signature="()" line-rate="0" branch-rate="1" complexity="NaN">
              <lines>
                <line number="1526" hits="0" branch="false" />
              </lines>
            </method>
            <method name="ColumnWidth" signature="(DGVPrinterHelper.DGVPrinter/ColumnWidthSetting)" line-rate="0" branch-rate="0" complexity="NaN">
              <lines>
                <line number="1528" hits="0" branch="false" />
                <line number="1529" hits="0" branch="false" />
                <line number="1530" hits="0" branch="true" condition-coverage="0% (0/2)" />
                <line number="1531" hits="0" branch="false" />
                <line number="1533" hits="0" branch="false" />
                <line number="1534" hits="0" branch="false" />
              </lines>
            </method>
            <method name="GetRowHeaderCellFormat" signature="(System.Windows.Forms.DataGridView)" line-rate="0" branch-rate="0" complexity="NaN">
              <lines>
                <line number="1260" hits="0" branch="false" />
                <line number="1263" hits="0" branch="true" condition-coverage="0% (0/4)" />
                <line number="1264" hits="0" branch="false" />
                <line number="1265" hits="0" branch="false" />
                <line number="1266" hits="0" branch="false" />
                <line number="1267" hits="0" branch="false" />
                <line number="1268" hits="0" branch="false" />
                <line number="1271" hits="0" branch="true" condition-coverage="0% (0/2)" />
                <line number="1272" hits="0" branch="false" />
                <line number="1274" hits="0" branch="false" />
                <line number="1275" hits="0" branch="false" />
              </lines>
            </method>
            <method name="GetColumnHeaderCellFormat" signature="(System.Windows.Forms.DataGridView)" line-rate="0" branch-rate="0" complexity="NaN">
              <lines>
                <line number="1303" hits="0" branch="false" />
                <line number="1306" hits="0" branch="true" condition-coverage="0% (0/4)" />
                <line number="1307" hits="0" branch="false" />
                <line number="1308" hits="0" branch="false" />
                <line number="1309" hits="0" branch="false" />
                <line number="1310" hits="0" branch="false" />
                <line number="1311" hits="0" branch="false" />
                <line number="1314" hits="0" branch="true" condition-coverage="0% (0/2)" />
                <line number="1315" hits="0" branch="false" />
                <line number="1317" hits="0" branch="false" />
                <line number="1318" hits="0" branch="false" />
              </lines>
            </method>
            <method name="GetCellFormat" signature="(System.Windows.Forms.DataGridView)" line-rate="0" branch-rate="0" complexity="NaN">
              <lines>
                <line number="1353" hits="0" branch="false" />
                <line number="1356" hits="0" branch="true" condition-coverage="0% (0/4)" />
                <line number="1357" hits="0" branch="false" />
                <line number="1358" hits="0" branch="false" />
                <line number="1359" hits="0" branch="false" />
                <line number="1360" hits="0" branch="false" />
                <line number="1361" hits="0" branch="false" />
                <line number="1364" hits="0" branch="true" condition-coverage="0% (0/2)" />
                <line number="1365" hits="0" branch="false" />
                <line number="1367" hits="0" branch="false" />
                <line number="1368" hits="0" branch="false" />
              </lines>
            </method>
            <method name="PreviewDisplayWidth" signature="()" line-rate="0" branch-rate="1" complexity="1">
              <lines>
                <line number="1546" hits="0" branch="false" />
                <line number="1547" hits="0" branch="false" />
                <line number="1548" hits="0" branch="false" />
                <line number="1549" hits="0" branch="false" />
                <line number="1550" hits="0" branch="false" />
              </lines>
            </method>
            <method name="PreviewDisplayHeight" signature="()" line-rate="0" branch-rate="1" complexity="1">
              <lines>
                <line number="1557" hits="0" branch="false" />
                <line number="1558" hits="0" branch="false" />
                <line number="1559" hits="0" branch="false" />
                <line number="1561" hits="0" branch="false" />
                <line number="1562" hits="0" branch="false" />
              </lines>
            </method>
            <method name="OnCellOwnerDraw" signature="(DGVPrinterHelper.DGVCellDrawingEventArgs)" line-rate="0" branch-rate="0" complexity="NaN">
              <lines>
                <line number="1569" hits="0" branch="false" />
                <line number="1570" hits="0" branch="true" condition-coverage="0% (0/2)" />
                <line number="1571" hits="0" branch="false" />
                <line number="1572" hits="0" branch="false" />
              </lines>
            </method>
            <method name="GetStyle" signature="(System.Windows.Forms.DataGridViewRow,System.Windows.Forms.DataGridViewColumn)" line-rate="0" branch-rate="0" complexity="NaN">
              <lines>
                <line number="1582" hits="0" branch="false" />
                <line number="1584" hits="0" branch="false" />
                <line number="1587" hits="0" branch="true" condition-coverage="0% (0/2)" />
                <line number="1588" hits="0" branch="false" />
                <line number="1589" hits="0" branch="false" />
                <line number="1590" hits="0" branch="false" />
                <line number="1593" hits="0" branch="true" condition-coverage="0% (0/4)" />
                <line number="1594" hits="0" branch="false" />
                <line number="1595" hits="0" branch="false" />
                <line number="1596" hits="0" branch="false" />
                <line number="1598" hits="0" branch="false" />
                <line number="1599" hits="0" branch="false" />
              </lines>
            </method>
            <method name="GetColumnIndex" signature="(System.String)" line-rate="0" branch-rate="0" complexity="NaN">
              <lines>
                <line number="1607" hits="0" branch="false" />
                <line number="1608" hits="0" branch="false" />
                <line number="1609" hits="0" branch="false" />
                <line number="1610" hits="0" branch="false" />
                <line number="1611" hits="0" branch="true" condition-coverage="0% (0/2)" />
                <line number="1612" hits="0" branch="false" />
                <line number="1613" hits="0" branch="false" />
                <line number="1614" hits="0" branch="false" />
                <line number="1616" hits="0" branch="false" />
                <line number="1617" hits="0" branch="false" />
                <line number="1619" hits="0" branch="false" />
                <line number="1622" hits="0" branch="true" condition-coverage="0% (0/2)" />
                <line number="1623" hits="0" branch="false" />
                <line number="1624" hits="0" branch="false" />
                <line number="1627" hits="0" branch="false" />
                <line number="1628" hits="0" branch="false" />
              </lines>
            </method>
            <method name=".ctor" signature="()" line-rate="0" branch-rate="0" complexity="1">
              <lines>
                <line number="308" hits="0" branch="false" />
                <line number="315" hits="0" branch="false" />
                <line number="316" hits="0" branch="false" />
                <line number="317" hits="0" branch="false" />
                <line number="318" hits="0" branch="false" />
                <line number="319" hits="0" branch="false" />
                <line number="320" hits="0" branch="false" />
                <line number="321" hits="0" branch="false" />
                <line number="322" hits="0" branch="false" />
                <line number="323" hits="0" branch="false" />
                <line number="324" hits="0" branch="false" />
                <line number="336" hits="0" branch="false" />
                <line number="340" hits="0" branch="false" />
                <line number="346" hits="0" branch="false" />
                <line number="347" hits="0" branch="false" />
                <line number="348" hits="0" branch="false" />
                <line number="349" hits="0" branch="false" />
                <line number="350" hits="0" branch="false" />
                <line number="351" hits="0" branch="false" />
                <line number="352" hits="0" branch="false" />
                <line number="358" hits="0" branch="false" />
                <line number="359" hits="0" branch="false" />
                <line number="360" hits="0" branch="false" />
                <line number="361" hits="0" branch="false" />
                <line number="371" hits="0" branch="false" />
                <line number="374" hits="0" branch="false" />
                <line number="377" hits="0" branch="false" />
                <line number="380" hits="0" branch="false" />
                <line number="383" hits="0" branch="false" />
                <line number="384" hits="0" branch="false" />
                <line number="385" hits="0" branch="false" />
                <line number="386" hits="0" branch="false" />
                <line number="390" hits="0" branch="false" />
                <line number="391" hits="0" branch="false" />
                <line number="392" hits="0" branch="false" />
                <line number="393" hits="0" branch="false" />
                <line number="394" hits="0" branch="false" />
                <line number="395" hits="0" branch="false" />
                <line number="396" hits="0" branch="false" />
                <line number="402" hits="0" branch="false" />
                <line number="403" hits="0" branch="false" />
                <line number="404" hits="0" branch="false" />
                <line number="426" hits="0" branch="false" />
                <line number="428" hits="0" branch="false" />
                <line number="429" hits="0" branch="false" />
                <line number="430" hits="0" branch="true" condition-coverage="0% (0/2)" />
                <line number="431" hits="0" branch="false" />
                <line number="432" hits="0" branch="false" />
                <line number="433" hits="0" branch="false" />
                <line number="434" hits="0" branch="false" />
                <line number="443" hits="0" branch="false" />
                <line number="444" hits="0" branch="true" condition-coverage="0% (0/2)" />
                <line number="445" hits="0" branch="false" />
                <line number="447" hits="0" branch="false" />
                <line number="448" hits="0" branch="false" />
                <line number="450" hits="0" branch="false" />
                <line number="451" hits="0" branch="true" condition-coverage="0% (0/2)" />
                <line number="452" hits="0" branch="false" />
                <line number="453" hits="0" branch="false" />
                <line number="454" hits="0" branch="false" />
                <line number="469" hits="0" branch="false" />
                <line number="472" hits="0" branch="false" />
                <line number="473" hits="0" branch="false" />
                <line number="482" hits="0" branch="false" />
                <line number="485" hits="0" branch="false" />
                <line number="486" hits="0" branch="false" />
                <line number="495" hits="0" branch="false" />
                <line number="501" hits="0" branch="false" />
                <line number="504" hits="0" branch="false" />
                <line number="513" hits="0" branch="false" />
                <line number="514" hits="0" branch="false" />
                <line number="522" hits="0" branch="false" />
                <line number="523" hits="0" branch="false" />
                <line number="530" hits="0" branch="false" />
                <line number="533" hits="0" branch="false" />
                <line number="534" hits="0" branch="false" />
                <line number="540" hits="0" branch="false" />
                <line number="543" hits="0" branch="false" />
                <line number="544" hits="0" branch="false" />
                <line number="550" hits="0" branch="false" />
                <line number="553" hits="0" branch="false" />
                <line number="554" hits="0" branch="false" />
                <line number="563" hits="0" branch="false" />
                <line number="564" hits="0" branch="false" />
                <line number="570" hits="0" branch="false" />
                <line number="573" hits="0" branch="true" condition-coverage="0% (0/2)" />
                <line number="574" hits="0" branch="false" />
                <line number="575" hits="0" branch="false" />
                <line number="576" hits="0" branch="false" />
                <line number="579" hits="0" branch="false" />
                <line number="580" hits="0" branch="false" />
                <line number="586" hits="0" branch="false" />
                <line number="589" hits="0" branch="false" />
                <line number="590" hits="0" branch="false" />
                <line number="599" hits="0" branch="false" />
                <line number="600" hits="0" branch="false" />
                <line number="607" hits="0" branch="false" />
                <line number="610" hits="0" branch="false" />
                <line number="611" hits="0" branch="false" />
                <line number="619" hits="0" branch="false" />
                <line number="622" hits="0" branch="false" />
                <line number="623" hits="0" branch="false" />
                <line number="630" hits="0" branch="false" />
                <line number="633" hits="0" branch="false" />
                <line number="634" hits="0" branch="false" />
                <line number="643" hits="0" branch="false" />
                <line number="646" hits="0" branch="false" />
                <line number="654" hits="0" branch="false" />
                <line number="656" hits="0" branch="false" />
                <line number="657" hits="0" branch="false" />
                <line number="658" hits="0" branch="true" condition-coverage="0% (0/2)" />
                <line number="659" hits="0" branch="false" />
                <line number="660" hits="0" branch="false" />
                <line number="661" hits="0" branch="false" />
                <line number="662" hits="0" branch="false" />
                <line number="671" hits="0" branch="false" />
                <line number="672" hits="0" branch="false" />
                <line number="681" hits="0" branch="false" />
                <line number="682" hits="0" branch="false" />
                <line number="691" hits="0" branch="false" />
                <line number="692" hits="0" branch="false" />
                <line number="701" hits="0" branch="false" />
                <line number="702" hits="0" branch="false" />
                <line number="711" hits="0" branch="false" />
                <line number="713" hits="0" branch="false" />
                <line number="714" hits="0" branch="false" />
                <line number="715" hits="0" branch="false" />
                <line number="716" hits="0" branch="false" />
                <line number="725" hits="0" branch="false" />
                <line number="727" hits="0" branch="false" />
                <line number="728" hits="0" branch="false" />
                <line number="729" hits="0" branch="false" />
                <line number="730" hits="0" branch="false" />
                <line number="736" hits="0" branch="false" />
                <line number="739" hits="0" branch="false" />
                <line number="740" hits="0" branch="false" />
                <line number="749" hits="0" branch="false" />
                <line number="750" hits="0" branch="true" condition-coverage="0% (0/2)" />
                <line number="751" hits="0" branch="false" />
                <line number="753" hits="0" branch="true" condition-coverage="0% (0/4)" />
                <line number="754" hits="0" branch="false" />
                <line number="756" hits="0" branch="true" condition-coverage="0% (0/4)" />
                <line number="757" hits="0" branch="false" />
                <line number="759" hits="0" branch="false" />
                <line number="760" hits="0" branch="false" />
                <line number="769" hits="0" branch="false" />
                <line number="770" hits="0" branch="false" />
                <line number="779" hits="0" branch="false" />
                <line number="780" hits="0" branch="false" />
                <line number="789" hits="0" branch="false" />
                <line number="790" hits="0" branch="false" />
                <line number="799" hits="0" branch="false" />
                <line number="802" hits="0" branch="false" />
                <line number="810" hits="0" branch="false" />
                <line number="811" hits="0" branch="false" />
                <line number="820" hits="0" branch="false" />
                <line number="821" hits="0" branch="false" />
                <line number="830" hits="0" branch="false" />
                <line number="831" hits="0" branch="false" />
                <line number="840" hits="0" branch="false" />
                <line number="841" hits="0" branch="false" />
                <line number="850" hits="0" branch="false" />
                <line number="852" hits="0" branch="false" />
                <line number="853" hits="0" branch="false" />
                <line number="854" hits="0" branch="false" />
                <line number="855" hits="0" branch="false" />
                <line number="864" hits="0" branch="false" />
                <line number="866" hits="0" branch="false" />
                <line number="867" hits="0" branch="false" />
                <line number="868" hits="0" branch="false" />
                <line number="869" hits="0" branch="false" />
                <line number="875" hits="0" branch="false" />
                <line number="878" hits="0" branch="false" />
                <line number="879" hits="0" branch="false" />
                <line number="888" hits="0" branch="false" />
                <line number="889" hits="0" branch="true" condition-coverage="0% (0/2)" />
                <line number="890" hits="0" branch="false" />
                <line number="892" hits="0" branch="true" condition-coverage="0% (0/4)" />
                <line number="893" hits="0" branch="false" />
                <line number="895" hits="0" branch="true" condition-coverage="0% (0/4)" />
                <line number="896" hits="0" branch="false" />
                <line number="898" hits="0" branch="false" />
                <line number="899" hits="0" branch="false" />
                <line number="908" hits="0" branch="false" />
                <line number="909" hits="0" branch="false" />
                <line number="918" hits="0" branch="false" />
                <line number="919" hits="0" branch="false" />
                <line number="928" hits="0" branch="false" />
                <line number="929" hits="0" branch="false" />
                <line number="938" hits="0" branch="false" />
                <line number="946" hits="0" branch="false" />
                <line number="947" hits="0" branch="false" />
                <line number="956" hits="0" branch="false" />
                <line number="957" hits="0" branch="false" />
                <line number="966" hits="0" branch="false" />
                <line number="967" hits="0" branch="false" />
                <line number="976" hits="0" branch="false" />
                <line number="977" hits="0" branch="false" />
                <line number="986" hits="0" branch="false" />
                <line number="988" hits="0" branch="false" />
                <line number="989" hits="0" branch="false" />
                <line number="990" hits="0" branch="false" />
                <line number="991" hits="0" branch="false" />
                <line number="1000" hits="0" branch="false" />
                <line number="1002" hits="0" branch="false" />
                <line number="1003" hits="0" branch="false" />
                <line number="1004" hits="0" branch="false" />
                <line number="1005" hits="0" branch="false" />
                <line number="1014" hits="0" branch="false" />
                <line number="1015" hits="0" branch="false" />
                <line number="1021" hits="0" branch="false" />
                <line number="1024" hits="0" branch="false" />
                <line number="1025" hits="0" branch="false" />
                <line number="1034" hits="0" branch="false" />
                <line number="1035" hits="0" branch="false" />
                <line number="1038" hits="0" branch="true" condition-coverage="0% (0/10)" />
                <line number="1039" hits="0" branch="false" />
                <line number="1040" hits="0" branch="false" />
                <line number="1041" hits="0" branch="false" />
                <line number="1043" hits="0" branch="false" />
                <line number="1044" hits="0" branch="false" />
                <line number="1046" hits="0" branch="false" />
                <line number="1047" hits="0" branch="false" />
                <line number="1056" hits="0" branch="false" />
                <line number="1057" hits="0" branch="false" />
                <line number="1066" hits="0" branch="false" />
                <line number="1067" hits="0" branch="false" />
                <line number="1076" hits="0" branch="false" />
                <line number="1081" hits="0" branch="false" />
                <line number="1084" hits="0" branch="false" />
                <line number="1085" hits="0" branch="false" />
                <line number="1094" hits="0" branch="false" />
                <line number="1095" hits="0" branch="false" />
                <line number="1104" hits="0" branch="false" />
                <line number="1105" hits="0" branch="false" />
                <line number="1114" hits="0" branch="false" />
                <line number="1115" hits="0" branch="false" />
                <line number="1124" hits="0" branch="false" />
                <line number="1126" hits="0" branch="false" />
                <line number="1127" hits="0" branch="false" />
                <line number="1128" hits="0" branch="false" />
                <line number="1129" hits="0" branch="false" />
                <line number="1138" hits="0" branch="false" />
                <line number="1140" hits="0" branch="false" />
                <line number="1141" hits="0" branch="false" />
                <line number="1142" hits="0" branch="false" />
                <line number="1143" hits="0" branch="false" />
                <line number="1150" hits="0" branch="false" />
                <line number="1153" hits="0" branch="false" />
                <line number="1154" hits="0" branch="false" />
                <line number="1161" hits="0" branch="false" />
                <line number="1164" hits="0" branch="false" />
                <line number="1165" hits="0" branch="false" />
                <line number="1171" hits="0" branch="false" />
                <line number="1174" hits="0" branch="false" />
                <line number="1175" hits="0" branch="false" />
                <line number="1181" hits="0" branch="false" />
                <line number="1184" hits="0" branch="false" />
                <line number="1185" hits="0" branch="false" />
                <line number="1188" hits="0" branch="false" />
                <line number="1191" hits="0" branch="false" />
                <line number="1192" hits="0" branch="false" />
                <line number="1195" hits="0" branch="false" />
                <line number="1198" hits="0" branch="false" />
                <line number="1199" hits="0" branch="false" />
                <line number="1205" hits="0" branch="false" />
                <line number="1208" hits="0" branch="false" />
                <line number="1209" hits="0" branch="false" />
                <line number="1218" hits="0" branch="false" />
                <line number="1220" hits="0" branch="true" condition-coverage="0% (0/10)" />
                <line number="1221" hits="0" branch="false" />
                <line number="1222" hits="0" branch="false" />
                <line number="1223" hits="0" branch="false" />
                <line number="1227" hits="0" branch="true" condition-coverage="0% (0/2)" />
                <line number="1228" hits="0" branch="false" />
                <line number="1229" hits="0" branch="true" condition-coverage="0% (0/6)" />
                <line number="1230" hits="0" branch="false" />
                <line number="1231" hits="0" branch="false" />
                <line number="1233" hits="0" branch="true" condition-coverage="0% (0/4)" />
                <line number="1234" hits="0" branch="false" />
                <line number="1235" hits="0" branch="false" />
                <line number="1237" hits="0" branch="false" />
                <line number="1239" hits="0" branch="false" />
                <line number="1240" hits="0" branch="false" />
                <line number="1251" hits="0" branch="false" />
                <line number="1252" hits="0" branch="false" />
                <line number="1258" hits="0" branch="false" />
                <line number="1260" hits="0" branch="false" />
                <line number="1263" hits="0" branch="true" condition-coverage="0% (0/4)" />
                <line number="1264" hits="0" branch="false" />
                <line number="1265" hits="0" branch="false" />
                <line number="1266" hits="0" branch="false" />
                <line number="1267" hits="0" branch="false" />
                <line number="1268" hits="0" branch="false" />
                <line number="1271" hits="0" branch="true" condition-coverage="0% (0/2)" />
                <line number="1272" hits="0" branch="false" />
                <line number="1274" hits="0" branch="false" />
                <line number="1275" hits="0" branch="false" />
                <line number="1281" hits="0" branch="false" />
                <line number="1284" hits="0" branch="false" />
                <line number="1285" hits="0" branch="false" />
                <line number="1291" hits="0" branch="false" />
                <line number="1292" hits="0" branch="false" />
                <line number="1295" hits="0" branch="false" />
                <line number="1301" hits="0" branch="false" />
                <line number="1303" hits="0" branch="false" />
                <line number="1306" hits="0" branch="true" condition-coverage="0% (0/4)" />
                <line number="1307" hits="0" branch="false" />
                <line number="1308" hits="0" branch="false" />
                <line number="1309" hits="0" branch="false" />
                <line number="1310" hits="0" branch="false" />
                <line number="1311" hits="0" branch="false" />
                <line number="1314" hits="0" branch="true" condition-coverage="0% (0/2)" />
                <line number="1315" hits="0" branch="false" />
                <line number="1317" hits="0" branch="false" />
                <line number="1318" hits="0" branch="false" />
                <line number="1328" hits="0" branch="false" />
                <line number="1329" hits="0" branch="false" />
                <line number="1340" hits="0" branch="false" />
                <line number="1341" hits="0" branch="false" />
                <line number="1351" hits="0" branch="false" />
                <line number="1353" hits="0" branch="false" />
                <line number="1356" hits="0" branch="true" condition-coverage="0% (0/4)" />
                <line number="1357" hits="0" branch="false" />
                <line number="1358" hits="0" branch="false" />
                <line number="1359" hits="0" branch="false" />
                <line number="1360" hits="0" branch="false" />
                <line number="1361" hits="0" branch="false" />
                <line number="1364" hits="0" branch="true" condition-coverage="0% (0/2)" />
                <line number="1365" hits="0" branch="false" />
                <line number="1367" hits="0" branch="false" />
                <line number="1368" hits="0" branch="false" />
                <line number="1378" hits="0" branch="false" />
                <line number="1379" hits="0" branch="false" />
                <line number="1390" hits="0" branch="false" />
                <line number="1391" hits="0" branch="false" />
                <line number="1397" hits="0" branch="false" />
                <line number="1398" hits="0" branch="false" />
                <line number="1401" hits="0" branch="false" />
                <line number="1407" hits="0" branch="false" />
                <line number="1408" hits="0" branch="false" />
                <line number="1411" hits="0" branch="false" />
                <line number="1417" hits="0" branch="false" />
                <line number="1418" hits="0" branch="false" />
                <line number="1421" hits="0" branch="false" />
                <line number="1428" hits="0" branch="false" />
                <line number="1429" hits="0" branch="false" />
                <line number="1432" hits="0" branch="false" />
                <line number="1438" hits="0" branch="false" />
                <line number="1441" hits="0" branch="false" />
                <line number="1447" hits="0" branch="false" />
                <line number="1451" hits="0" branch="false" />
                <line number="1452" hits="0" branch="false" />
                <line number="1465" hits="0" branch="false" />
                <line number="1466" hits="0" branch="false" />
                <line number="1474" hits="0" branch="false" />
                <line number="1481" hits="0" branch="false" />
                <line number="1484" hits="0" branch="false" />
                <line number="1486" hits="0" branch="false" />
                <line number="1487" hits="0" branch="false" />
                <line number="1488" hits="0" branch="true" condition-coverage="0% (0/2)" />
                <line number="1489" hits="0" branch="false" />
                <line number="1491" hits="0" branch="false" />
                <line number="1492" hits="0" branch="false" />
                <line number="1498" hits="0" branch="false" />
                <line number="1501" hits="0" branch="false" />
                <line number="1502" hits="0" branch="false" />
                <line number="1510" hits="0" branch="false" />
                <line number="1513" hits="0" branch="false" />
                <line number="1514" hits="0" branch="false" />
                <line number="1523" hits="0" branch="false" />
                <line number="1526" hits="0" branch="false" />
                <line number="1528" hits="0" branch="false" />
                <line number="1529" hits="0" branch="false" />
                <line number="1530" hits="0" branch="true" condition-coverage="0% (0/2)" />
                <line number="1531" hits="0" branch="false" />
                <line number="1533" hits="0" branch="false" />
                <line number="1534" hits="0" branch="false" />
                <line number="1546" hits="0" branch="false" />
                <line number="1547" hits="0" branch="false" />
                <line number="1548" hits="0" branch="false" />
                <line number="1549" hits="0" branch="false" />
                <line number="1550" hits="0" branch="false" />
                <line number="1557" hits="0" branch="false" />
                <line number="1558" hits="0" branch="false" />
                <line number="1559" hits="0" branch="false" />
                <line number="1561" hits="0" branch="false" />
[...]
            <line number="16" hits="0" branch="true" condition-coverage="0% (0/4)" />
            <line number="17" hits="0" branch="false" />
            <line number="18" hits="0" branch="false" />
            <line number="19" hits="0" branch="false" />
            <line number="20" hits="0" branch="false" />
            <line number="21" hits="0" branch="false" />
            <line number="30" hits="0" branch="false" />
            <line number="31" hits="0" branch="false" />
            <line number="32" hits="0" branch="false" />
            <line number="33" hits="0" branch="false" />
            <line number="34" hits="0" branch="false" />
            <line number="35" hits="0" branch="false" />
            <line number="36" hits="0" branch="false" />
            <line number="37" hits="0" branch="false" />
            <line number="38" hits="0" branch="false" />
            <line number="39" hits="0" branch="false" />
            <line number="40" hits="0" branch="false" />
            <line number="41" hits="0" branch="false" />
            <line number="42" hits="0" branch="false" />
            <line number="43" hits="0" branch="false" />
            <line number="44" hits="0" branch="false" />
            <line number="45" hits="0" branch="false" />
            <line number="46" hits="0" branch="false" />
            <line number="47" hits="0" branch="false" />
            <line number="48" hits="0" branch="false" />
            <line number="49" hits="0" branch="false" />
            <line number="50" hits="0" branch="false" />
            <line number="51" hits="0" branch="false" />
            <line number="52" hits="0" branch="false" />
            <line number="53" hits="0" branch="false" />
            <line number="54" hits="0" branch="false" />
            <line number="55" hits="0" branch="false" />
            <line number="56" hits="0" branch="false" />
            <line number="57" hits="0" branch="false" />
            <line number="58" hits="0" branch="false" />
            <line number="59" hits="0" branch="false" />
            <line number="60" hits="0" branch="false" />
            <line number="61" hits="0" branch="false" />
            <line number="62" hits="0" branch="false" />
            <line number="63" hits="0" branch="false" />
            <line number="67" hits="0" branch="false" />
            <line number="68" hits="0" branch="false" />
            <line number="69" hits="0" branch="false" />
            <line number="70" hits="0" branch="false" />
            <line number="71" hits="0" branch="false" />
            <line number="72" hits="0" branch="false" />
            <line number="73" hits="0" branch="false" />
            <line number="77" hits="0" branch="false" />
            <line number="78" hits="0" branch="false" />
            <line number="79" hits="0" branch="false" />
            <line number="80" hits="0" branch="false" />
            <line number="81" hits="0" branch="false" />
            <line number="82" hits="0" branch="false" />
            <line number="83" hits="0" branch="false" />
            <line number="87" hits="0" branch="false" />
            <line number="88" hits="0" branch="false" />
            <line number="89" hits="0" branch="false" />
            <line number="90" hits="0" branch="false" />
            <line number="91" hits="0" branch="false" />
            <line number="92" hits="0" branch="false" />
            <line number="93" hits="0" branch="false" />
            <line number="94" hits="0" branch="false" />
            <line number="98" hits="0" branch="false" />
            <line number="99" hits="0" branch="false" />
            <line number="100" hits="0" branch="false" />
            <line number="101" hits="0" branch="false" />
            <line number="102" hits="0" branch="false" />
            <line number="103" hits="0" branch="false" />
            <line number="104" hits="0" branch="false" />
            <line number="105" hits="0" branch="false" />
            <line number="106" hits="0" branch="false" />
            <line number="107" hits="0" branch="false" />
            <line number="111" hits="0" branch="false" />
            <line number="112" hits="0" branch="false" />
            <line number="113" hits="0" branch="false" />
            <line number="114" hits="0" branch="false" />
            <line number="115" hits="0" branch="false" />
            <line number="119" hits="0" branch="false" />
            <line number="120" hits="0" branch="false" />
            <line number="121" hits="0" branch="false" />
            <line number="122" hits="0" branch="false" />
            <line number="123" hits="0" branch="false" />
            <line number="124" hits="0" branch="false" />
            <line number="125" hits="0" branch="false" />
            <line number="129" hits="0" branch="false" />
            <line number="130" hits="0" branch="false" />
            <line number="131" hits="0" branch="false" />
            <line number="132" hits="0" branch="false" />
            <line number="133" hits="0" branch="false" />
            <line number="134" hits="0" branch="false" />
            <line number="135" hits="0" branch="false" />
            <line number="139" hits="0" branch="false" />
            <line number="140" hits="0" branch="false" />
            <line number="141" hits="0" branch="false" />
            <line number="142" hits="0" branch="false" />
            <line number="143" hits="0" branch="false" />
            <line number="144" hits="0" branch="false" />
            <line number="145" hits="0" branch="false" />
            <line number="149" hits="0" branch="false" />
            <line number="150" hits="0" branch="false" />
            <line number="151" hits="0" branch="false" />
            <line number="152" hits="0" branch="false" />
            <line number="153" hits="0" branch="false" />
            <line number="154" hits="0" branch="false" />
            <line number="155" hits="0" branch="false" />
            <line number="159" hits="0" branch="false" />
            <line number="160" hits="0" branch="false" />
            <line number="161" hits="0" branch="false" />
            <line number="162" hits="0" branch="false" />
            <line number="163" hits="0" branch="false" />
            <line number="164" hits="0" branch="false" />
            <line number="165" hits="0" branch="false" />
            <line number="169" hits="0" branch="false" />
            <line number="170" hits="0" branch="false" />
            <line number="171" hits="0" branch="false" />
            <line number="172" hits="0" branch="false" />
            <line number="173" hits="0" branch="false" />
            <line number="174" hits="0" branch="false" />
            <line number="175" hits="0" branch="false" />
            <line number="179" hits="0" branch="false" />
            <line number="180" hits="0" branch="false" />
            <line number="181" hits="0" branch="false" />
            <line number="182" hits="0" branch="false" />
            <line number="183" hits="0" branch="false" />
            <line number="184" hits="0" branch="false" />
            <line number="185" hits="0" branch="false" />
            <line number="186" hits="0" branch="false" />
            <line number="190" hits="0" branch="false" />
            <line number="191" hits="0" branch="false" />
            <line number="192" hits="0" branch="false" />
            <line number="193" hits="0" branch="false" />
            <line number="194" hits="0" branch="false" />
            <line number="195" hits="0" branch="false" />
            <line number="199" hits="0" branch="false" />
            <line number="200" hits="0" branch="false" />
            <line number="201" hits="0" branch="false" />
            <line number="202" hits="0" branch="false" />
            <line number="203" hits="0" branch="false" />
            <line number="207" hits="0" branch="false" />
            <line number="208" hits="0" branch="false" />
            <line number="209" hits="0" branch="false" />
            <line number="210" hits="0" branch="false" />
            <line number="214" hits="0" branch="false" />
            <line number="215" hits="0" branch="false" />
            <line number="216" hits="0" branch="false" />
            <line number="217" hits="0" branch="false" />
            <line number="218" hits="0" branch="false" />
            <line number="222" hits="0" branch="false" />
            <line number="223" hits="0" branch="false" />
            <line number="224" hits="0" branch="false" />
            <line number="225" hits="0" branch="false" />
            <line number="226" hits="0" branch="false" />
            <line number="227" hits="0" branch="false" />
            <line number="231" hits="0" branch="false" />
            <line number="232" hits="0" branch="false" />
            <line number="233" hits="0" branch="false" />
            <line number="234" hits="0" branch="false" />
            <line number="235" hits="0" branch="false" />
            <line number="236" hits="0" branch="false" />
            <line number="237" hits="0" branch="false" />
            <line number="238" hits="0" branch="false" />
            <line number="239" hits="0" branch="false" />
            <line number="240" hits="0" branch="false" />
            <line number="241" hits="0" branch="false" />
            <line number="245" hits="0" branch="false" />
            <line number="246" hits="0" branch="false" />
            <line number="247" hits="0" branch="false" />
            <line number="248" hits="0" branch="false" />
            <line number="249" hits="0" branch="false" />
            <line number="253" hits="0" branch="false" />
            <line number="254" hits="0" branch="false" />
            <line number="255" hits="0" branch="false" />
            <line number="256" hits="0" branch="false" />
            <line number="257" hits="0" branch="false" />
            <line number="258" hits="0" branch="false" />
            <line number="259" hits="0" branch="false" />
            <line number="263" hits="0" branch="false" />
            <line number="264" hits="0" branch="false" />
            <line number="265" hits="0" branch="false" />
            <line number="266" hits="0" branch="false" />
            <line number="267" hits="0" branch="false" />
            <line number="268" hits="0" branch="false" />
            <line number="272" hits="0" branch="false" />
            <line number="273" hits="0" branch="false" />
            <line number="274" hits="0" branch="false" />
            <line number="275" hits="0" branch="false" />
            <line number="276" hits="0" branch="false" />
            <line number="277" hits="0" branch="false" />
            <line number="281" hits="0" branch="false" />
            <line number="282" hits="0" branch="false" />
            <line number="283" hits="0" branch="false" />
            <line number="284" hits="0" branch="false" />
            <line number="285" hits="0" branch="false" />
            <line number="286" hits="0" branch="false" />
            <line number="290" hits="0" branch="false" />
            <line number="291" hits="0" branch="false" />
            <line number="292" hits="0" branch="false" />
            <line number="293" hits="0" branch="false" />
            <line number="294" hits="0" branch="false" />
            <line number="295" hits="0" branch="false" />
            <line number="299" hits="0" branch="false" />
            <line number="300" hits="0" branch="false" />
            <line number="301" hits="0" branch="false" />
            <line number="302" hits="0" branch="false" />
            <line number="303" hits="0" branch="false" />
            <line number="304" hits="0" branch="false" />
            <line number="305" hits="0" branch="false" />
            <line number="306" hits="0" branch="false" />
            <line number="310" hits="0" branch="false" />
            <line number="311" hits="0" branch="false" />
            <line number="312" hits="0" branch="false" />
            <line number="313" hits="0" branch="false" />
            <line number="314" hits="0" branch="false" />
            <line number="315" hits="0" branch="false" />
            <line number="316" hits="0" branch="false" />
            <line number="317" hits="0" branch="false" />
            <line number="318" hits="0" branch="false" />
            <line number="319" hits="0" branch="false" />
            <line number="320" hits="0" branch="false" />
            <line number="321" hits="0" branch="false" />
            <line number="322" hits="0" branch="false" />
            <line number="323" hits="0" branch="false" />
            <line number="324" hits="0" branch="false" />
            <line number="325" hits="0" branch="false" />
            <line number="326" hits="0" branch="false" />
            <line number="327" hits="0" branch="false" />
            <line number="328" hits="0" branch="false" />
            <line number="329" hits="0" branch="false" />
            <line number="330" hits="0" branch="false" />
            <line number="331" hits="0" branch="false" />
            <line number="332" hits="0" branch="false" />
            <line number="333" hits="0" branch="false" />
            <line number="334" hits="0" branch="false" />
            <line number="335" hits="0" branch="false" />
            <line number="336" hits="0" branch="false" />
            <line number="337" hits="0" branch="false" />
            <line number="338" hits="0" branch="false" />
            <line number="339" hits="0" branch="false" />
            <line number="340" hits="0" branch="false" />
            <line number="341" hits="0" branch="false" />
            <line number="342" hits="0" branch="false" />
            <line number="343" hits="0" branch="false" />
            <line number="344" hits="0" branch="false" />
            <line number="345" hits="0" branch="false" />
            <line number="346" hits="0" branch="false" />
            <line number="347" hits="0" branch="false" />
            <line number="348" hits="0" branch="false" />
            <line number="349" hits="0" branch="false" />
            <line number="351" hits="0" branch="false" />
          </lines>
        </class>
        <class name="E_Pharma_App.User" filename="C:\Users\SS098714\source\repos\E-Pharma App\User.cs" line-rate="1" branch-rate="1" complexity="1">
          <methods>
            <method name="Login12" signature="(System.String,System.String)" line-rate="1" branch-rate="1" complexity="NaN">
              <lines>
                <line number="17" hits="2" branch="false" />
                <line number="21" hits="2" branch="false" />
                <line number="22" hits="2" branch="false" />
                <line number="23" hits="2" branch="false" />
                <line number="31" hits="2" branch="false" />
                <line number="32" hits="2" branch="false" />
              </lines>
            </method>
            <method name=".ctor" signature="()" line-rate="1" branch-rate="1" complexity="1">
              <lines>
                <line number="12" hits="2" branch="false" />
              </lines>
            </method>
          </methods>
          <lines>
            <line number="12" hits="2" branch="false" />
            <line number="17" hits="2" branch="false" />
            <line number="21" hits="2" branch="false" />
            <line number="22" hits="2" branch="false" />
            <line number="23" hits="2" branch="false" />
            <line number="31" hits="2" branch="false" />
            <line number="32" hits="2" branch="false" />
          </lines>
        </class>
      </classes>
    </package>
    <package name="E-PharmaTest" line-rate="1" branch-rate="1" complexity="4">
      <classes>
        <class name="E_Pharma_App.Tests.LoginTest1" filename="C:\Users\SS098714\source\repos\E-PharmaTest\LoginTest1.cs" line-rate="1" branch-rate="1" complexity="2">
          <methods>
            <method name="TestGoodLogin" signature="()" line-rate="1" branch-rate="1" complexity="1">
              <lines>
                <line number="15" hits="1" branch="false" />
                <line number="17" hits="1" branch="false" />
                <line number="18" hits="1" branch="false" />
                <line number="19" hits="1" branch="false" />
              </lines>
            </method>
            <method name="TestBadLogin" signature="()" line-rate="1" branch-rate="1" complexity="1">
              <lines>
                <line number="25" hits="1" branch="false" />
                <line number="27" hits="1" branch="false" />
                <line number="28" hits="1" branch="false" />
                <line number="31" hits="1" branch="false" />
              </lines>
            </method>
          </methods>
          <lines>
            <line number="15" hits="1" branch="false" />
            <line number="17" hits="1" branch="false" />
            <line number="18" hits="1" branch="false" />
            <line number="19" hits="1" branch="false" />
            <line number="25" hits="1" branch="false" />
            <line number="27" hits="1" branch="false" />
            <line number="28" hits="1" branch="false" />
            <line number="31" hits="1" branch="false" />
          </lines>
        </class>
        <class name="E_PharmaTest.PlaceOrderTest" filename="C:\Users\SS098714\source\repos\E-PharmaTest\PlaceOrderTest.cs" line-rate="1" branch-rate="1" complexity="1">
          <methods>
            <method name="TestPlaceOrder" signature="()" line-rate="1" branch-rate="1" complexity="1">
              <lines>
                <line number="16" hits="1" branch="false" />
                <line number="17" hits="1" branch="false" />
                <line number="18" hits="1" branch="false" />
                <line number="19" hits="1" branch="false" />
                <line number="20" hits="1" branch="false" />
              </lines>
            </method>
          </methods>
          <lines>
            <line number="16" hits="1" branch="false" />
            <line number="17" hits="1" branch="false" />
            <line number="18" hits="1" branch="false" />
            <line number="19" hits="1" branch="false" />
            <line number="20" hits="1" branch="false" />
          </lines>
        </class>
        <class name="E_PharmaTest.SignUpTest" filename="C:\Users\SS098714\source\repos\E-PharmaTest\SignUpTest.cs" line-rate="1" branch-rate="1" complexity="1">
          <methods>
            <method name="TestMethod1" signature="()" line-rate="1" branch-rate="1" complexity="1">
              <lines>
                <line number="15" hits="1" branch="false" />
                <line number="16" hits="1" branch="false" />
                <line number="17" hits="1" branch="false" />
                <line number="18" hits="1" branch="false" />
                <line number="19" hits="1" branch="false" />
              </lines>
            </method>
          </methods>
          <lines>
            <line number="15" hits="1" branch="false" />
            <line number="16" hits="1" branch="false" />
            <line number="17" hits="1" branch="false" />
            <line number="18" hits="1" branch="false" />
            <line number="19" hits="1" branch="false" />
          </lines>
        </class>
      </classes>
    </package>
  </packages>
</coverage>